<?xml version="1.0" encoding="UTF-8"?>
<testsuite xmlns:xsi="http://www.w3.org/2001/XMLSchema-instance" xsi:noNamespaceSchemaLocation="https://maven.apache.org/surefire/maven-surefire-plugin/xsd/surefire-test-report.xsd" name="org.antry.AppTest" time="0.053" tests="1" errors="0" skipped="0" failures="0">
  <properties>
    <property name="sun.desktop" value="windows"/>
    <property name="awt.toolkit" value="sun.awt.windows.WToolkit"/>
    <property name="file.encoding.pkg" value="sun.io"/>
    <property name="java.specification.version" value="1.8"/>
    <property name="sun.cpu.isalist" value="amd64"/>
    <property name="sun.jnu.encoding" value="GBK"/>
    <property name="java.class.path" value="C:\workspace\ideaspace\studycloud\antry-gateway\target\test-classes;C:\workspace\ideaspace\studycloud\antry-gateway\target\classes;C:\antry_maven\repository\junit\junit\4.11\junit-4.11.jar;C:\antry_maven\repository\org\hamcrest\hamcrest-core\2.2\hamcrest-core-2.2.jar;C:\antry_maven\repository\org\hamcrest\hamcrest\2.2\hamcrest-2.2.jar;"/>
    <property name="java.vm.vendor" value="Oracle Corporation"/>
    <property name="sun.arch.data.model" value="64"/>
    <property name="user.variant" value=""/>
    <property name="java.vendor.url" value="http://java.oracle.com/"/>
    <property name="user.timezone" value="Asia/Shanghai"/>
    <property name="java.vm.specification.version" value="1.8"/>
    <property name="os.name" value="Windows 10"/>
    <property name="user.country" value="CN"/>
    <property name="sun.java.launcher" value="SUN_STANDARD"/>
    <property name="sun.boot.library.path" value="C:\software\install\jdk\jre\bin"/>
    <property name="sun.java.command" value="C:\Users\T_Antry\AppData\Local\Temp\surefire1234893251437149008\surefirebooter4463901323880012358.jar C:\Users\T_Antry\AppData\Local\Temp\surefire1234893251437149008 2021-03-13T21-49-23_122-jvmRun1 surefire6627851022731183094tmp surefire_52049390022358545200tmp"/>
    <property name="surefire.test.class.path" value="C:\workspace\ideaspace\studycloud\antry-gateway\target\test-classes;C:\workspace\ideaspace\studycloud\antry-gateway\target\classes;C:\antry_maven\repository\junit\junit\4.11\junit-4.11.jar;C:\antry_maven\repository\org\hamcrest\hamcrest-core\2.2\hamcrest-core-2.2.jar;C:\antry_maven\repository\org\hamcrest\hamcrest\2.2\hamcrest-2.2.jar;"/>
    <property name="sun.cpu.endian" value="little"/>
    <property name="user.home" value="C:\Users\T_Antry"/>
    <property name="user.language" value="zh"/>
    <property name="java.specification.vendor" value="Oracle Corporation"/>
    <property name="java.home" value="C:\software\install\jdk\jre"/>
    <property name="basedir" value="C:\workspace\ideaspace\studycloud\antry-gateway"/>
    <property name="file.separator" value="\"/>
    <property name="line.separator" value="&#10;"/>
    <property name="java.vm.specification.vendor" value="Oracle Corporation"/>
    <property name="java.specification.name" value="Java Platform API Specification"/>
    <property name="java.awt.graphicsenv" value="sun.awt.Win32GraphicsEnvironment"/>
    <property name="idea.version2020.1.2" value="true"/>
    <property name="surefire.real.class.path" value="C:\Users\T_Antry\AppData\Local\Temp\surefire1234893251437149008\surefirebooter4463901323880012358.jar"/>
    <property name="sun.boot.class.path" value="C:\software\install\jdk\jre\lib\resources.jar;C:\software\install\jdk\jre\lib\rt.jar;C:\software\install\jdk\jre\lib\sunrsasign.jar;C:\software\install\jdk\jre\lib\jsse.jar;C:\software\install\jdk\jre\lib\jce.jar;C:\software\install\jdk\jre\lib\charsets.jar;C:\software\install\jdk\jre\lib\jfr.jar;C:\software\install\jdk\jre\classes"/>
    <property name="user.script" value=""/>
    <property name="sun.management.compiler" value="HotSpot 64-Bit Tiered Compilers"/>
    <property name="java.runtime.version" value="1.8.0_271-b09"/>
    <property name="user.name" value="T_Antry"/>
    <property name="path.separator" value=";"/>
    <property name="os.version" value="10.0"/>
    <property name="java.endorsed.dirs" value="C:\software\install\jdk\jre\lib\endorsed"/>
    <property name="java.runtime.name" value="Java(TM) SE Runtime Environment"/>
    <property name="file.encoding" value="GBK"/>
    <property name="java.vm.name" value="Java HotSpot(TM) 64-Bit Server VM"/>
    <property name="localRepository" value="C:\antry_maven\repository"/>
    <property name="java.vendor.url.bug" value="http://bugreport.sun.com/bugreport/"/>
    <property name="java.io.tmpdir" value="C:\Users\T_Antry\AppData\Local\Temp\"/>
    <property name="java.version" value="1.8.0_271"/>
    <property name="user.dir" value="C:\workspace\ideaspace\studycloud\antry-gateway"/>
    <property name="os.arch" value="amd64"/>
    <property name="java.vm.specification.name" value="Java Virtual Machine Specification"/>
    <property name="java.awt.printerjob" value="sun.awt.windows.WPrinterJob"/>
    <property name="sun.os.patch.level" value=""/>
    <property name="java.library.path" value="C:\software\install\jdk\jre\bin;C:\WINDOWS\Sun\Java\bin;C:\WINDOWS\system32;C:\WINDOWS;C:\WINDOWS\system32;C:\WINDOWS;C:\WINDOWS\System32\Wbem;C:\WINDOWS\System32\WindowsPowerShell\v1.0\;C:\software\install\jdk\bin;C:\software\install\jdk\jre\bin;C:\software\install\TortoiseGit\bin;C:\software\install\Git-2.29.2\Git\cmd;C:\WINDOWS\System32\OpenSSH\;C:\Users\T_Antry\AppData\Local\Microsoft\WindowsApps;C:\Users\T_Antry\AppData\Local\GitHubDesktop\bin;C:\Users\T_Antry\AppData\Local\Programs\Microsoft VS Code\bin;;."/>
    <property name="java.vm.info" value="mixed mode"/>
    <property name="java.vendor" value="Oracle Corporation"/>
    <property name="java.vm.version" value="25.271-b09"/>
    <property name="java.ext.dirs" value="C:\software\install\jdk\jre\lib\ext;C:\WINDOWS\Sun\Java\lib\ext"/>
    <property name="sun.io.unicode.encoding" value="UnicodeLittle"/>
    <property name="java.class.version" value="52.0"/>
  </properties>
  <testcase name="shouldAnswerWithTrue" classname="org.antry.AppTest" time="0.002"/>
</testsuite>